[1;32mFunctional annotation of hits...[0m
#  emapper-2.1.12-6840633
# emapper.py  -i genome/RefSeq_genome/GCF_001077695.1_ASM107769v1_protein.faa --output genome/RefSeq_genome/eggnog/eggnog_output --cpu 16
[1;33m  /projectnb/cometsfba/hscott/envs/eggnog/bin/diamond blastp -d '/projectnb/cometsfba/hscott/envs/eggnog/lib/python3.11/site-packages/data/eggnog_proteins.dmnd' -q '/projectnb/cometsfba/hscott/GEM-repos/GEM-mit1002/genome/RefSeq_genome/GCF_001077695.1_ASM107769v1_protein.faa' --threads 16 -o '/projectnb/cometsfba/hscott/GEM-repos/GEM-mit1002/genome/RefSeq_genome/eggnog/eggnog_output.emapper.hits' --tmpdir '/projectnb/cometsfba/hscott/GEM-repos/GEM-mit1002/emappertmp_dmdn_a1b8qtuk' --sensitive --iterate -e 0.001 --top 3  --outfmt 6 qseqid sseqid pident length mismatch gapopen qstart qend sstart send evalue bitscore qcovhsp scovhsp[0m
500 275.64101004600525 1.81 q/s (% mem usage: 1.60, % mem avail: 98.44)
1000 618.3157422542572 1.62 q/s (% mem usage: 1.60, % mem avail: 98.44)
1500 759.5087974071503 1.97 q/s (% mem usage: 1.60, % mem avail: 98.44)
2000 885.8043756484985 2.26 q/s (% mem usage: 1.60, % mem avail: 98.44)
2500 991.7329664230347 2.52 q/s (% mem usage: 1.60, % mem avail: 98.44)
3000 1152.836280822754 2.60 q/s (% mem usage: 1.60, % mem avail: 98.44)
3500 1378.492109298706 2.54 q/s (% mem usage: 1.60, % mem avail: 98.44)
3869 1448.0464882850647 2.67 q/s (% mem usage: 1.20, % mem avail: 98.83)
[32mDone[0m
[1;33mResult files:[0m
   /projectnb/cometsfba/hscott/GEM-repos/GEM-mit1002/genome/RefSeq_genome/eggnog/eggnog_output.emapper.hits
   /projectnb/cometsfba/hscott/GEM-repos/GEM-mit1002/genome/RefSeq_genome/eggnog/eggnog_output.emapper.seed_orthologs
   /projectnb/cometsfba/hscott/GEM-repos/GEM-mit1002/genome/RefSeq_genome/eggnog/eggnog_output.emapper.annotations

================================================================================
CITATION:
If you use this software, please cite:

[1] eggNOG-mapper v2: functional annotation, orthology assignments, and domain 
      prediction at the metagenomic scale. Carlos P. Cantalapiedra, 
      Ana Hernandez-Plaza, Ivica Letunic, Peer Bork, Jaime Huerta-Cepas. 2021.
      Molecular Biology and Evolution, msab293, https://doi.org/10.1093/molbev/msab293

[2] eggNOG 5.0: a hierarchical, functionally and phylogenetically annotated
      orthology resource based on 5090 organisms and 2502 viruses. Jaime
      Huerta-Cepas, Damian Szklarczyk, Davide Heller, Ana Hernandez-Plaza,
      Sofia K Forslund, Helen Cook, Daniel R Mende, Ivica Letunic, Thomas
      Rattei, Lars J Jensen, Christian von Mering and Peer Bork. Nucleic Acids
      Research, Volume 47, Issue D1, 8 January 2019, Pages D309-D314,
      https://doi.org/10.1093/nar/gky1085 

[3] Sensitive protein alignments at tree-of-life scale using DIAMOND.
       Buchfink B, Reuter K, Drost HG. 2021.
       Nature Methods 18, 366–368 (2021). https://doi.org/10.1038/s41592-021-01101-x

e.g. Functional annotation was performed using eggNOG-mapper (version emapper-2.1.12-6840633) [1]
 based on eggNOG orthology data [2]. Sequence searches were performed using [3].

================================================================================

Total hits processed: 3869
Total time: 5446 secs
FINISHED
